Using pre-set license
Built from '2020.3/release' branch; Version is '2020.3.7f1 (dd97f2c94397) revision 14522354'; Using compiler version '192528614'; Build Type 'Release'
OS: 'Windows 10 Pro; OS build 19043.1052; Version 2009; 64bit' Language: 'en' Physical Memory: 16332 MB
BatchMode: 1, IsHumanControllingUs: 0, StartBugReporterOnCrash: 0, Is64bit: 1, IsPro: 0

 COMMAND LINE ARGUMENTS:
C:\Program Files\Editors\2020.3.7f1\Editor\Unity.exe
-adb2
-batchMode
-noUpm
-name
AssetImportWorker0
-projectPath
E:/Unity Projects/unity-essential-2d-scripts
-logFile
Logs/AssetImportWorker0.log
-srvPort
53368
Successfully changed project path to: E:/Unity Projects/unity-essential-2d-scripts
E:/Unity Projects/unity-essential-2d-scripts
Using Asset Import Pipeline V2.
Refreshing native plugins compatible for Editor in 40.05 ms, found 1 plugins.
Preloading 0 native plugins for Editor in 0.00 ms.
Initialize engine version: 2020.3.7f1 (dd97f2c94397)
[Subsystems] Discovering subsystems at path C:/Program Files/Editors/2020.3.7f1/Editor/Data/Resources/UnitySubsystems
[Subsystems] Discovering subsystems at path E:/Unity Projects/unity-essential-2d-scripts/Assets
GfxDevice: creating device client; threaded=0
Direct3D:
    Version:  Direct3D 11.0 [level 11.1]
    Renderer: NVIDIA GeForce GTX 1660 (ID=0x2184)
    Vendor:   
    VRAM:     5991 MB
    Driver:   27.21.14.6677
Initialize mono
Mono path[0] = 'C:/Program Files/Editors/2020.3.7f1/Editor/Data/Managed'
Mono path[1] = 'C:/Program Files/Editors/2020.3.7f1/Editor/Data/MonoBleedingEdge/lib/mono/unityjit'
Mono config path = 'C:/Program Files/Editors/2020.3.7f1/Editor/Data/MonoBleedingEdge/etc'
Using monoOptions --debugger-agent=transport=dt_socket,embedding=1,server=y,suspend=n,address=127.0.0.1:56600
Begin MonoManager ReloadAssembly
Registering precompiled unity dll's ...
Register platform support module: C:/Program Files/Editors/2020.3.7f1/Editor/Data/PlaybackEngines/WebGLSupport/UnityEditor.WebGL.Extensions.dll
Register platform support module: C:/Program Files/Editors/2020.3.7f1/Editor/Data/PlaybackEngines/WindowsStandaloneSupport/UnityEditor.WindowsStandalone.Extensions.dll
Registered in 0.003069 seconds.
Native extension for WindowsStandalone target not found
Native extension for WebGL target not found
Refreshing native plugins compatible for Editor in 39.68 ms, found 1 plugins.
Preloading 0 native plugins for Editor in 0.00 ms.
Mono: successfully reloaded assembly
- Completed reload, in  2.535 seconds
Platform modules already initialized, skipping
Registering precompiled user dll's ...
Registered in 0.000856 seconds.
Begin MonoManager ReloadAssembly
Native extension for WindowsStandalone target not found
Native extension for WebGL target not found
Refreshing native plugins compatible for Editor in 43.12 ms, found 1 plugins.
Preloading 0 native plugins for Editor in 0.00 ms.
Mono: successfully reloaded assembly
- Completed reload, in  1.109 seconds
Platform modules already initialized, skipping
========================================================================
Worker process is ready to serve import requests
Launched and connected shader compiler UnityShaderCompiler.exe after 0.04 seconds
Refreshing native plugins compatible for Editor in 0.35 ms, found 1 plugins.
Preloading 0 native plugins for Editor in 0.00 ms.
Unloading 1844 Unused Serialized files (Serialized files now loaded: 0)
System memory in use before: 87.7 MB.
System memory in use after: 87.7 MB.

Unloading 24 unused Assets to reduce memory usage. Loaded Objects now: 2289.
Total: 2.261600 ms (FindLiveObjects: 0.237300 ms CreateObjectMapping: 0.047900 ms MarkObjects: 1.839000 ms  DeleteObjects: 0.135700 ms)

========================================================================
Received Import Request.
  path: Assets/Scenes/CharacterAnimationOverrider.unity
  artifactKey: Guid(d616eec8253c228409bfca1285e4fb23) Importer(815301076,1909f56bfc062723c751e8b465ee728b)
Start importing Assets/Scenes/CharacterAnimationOverrider.unity using Guid(d616eec8253c228409bfca1285e4fb23) Importer(815301076,1909f56bfc062723c751e8b465ee728b)  -> (artifact id: '14e6715d1e0ec91a629b4727421573d3') in 0.019967 seconds
  Import took 0.024274 seconds .

========================================================================
Received Import Request.
  Time since last request: 313.508923 seconds.
  path: Assets/Art/buttons.png
  artifactKey: Guid(27a354b34198c1248915b5d68fb9a819) Importer(815301076,1909f56bfc062723c751e8b465ee728b)
Start importing Assets/Art/buttons.png using Guid(27a354b34198c1248915b5d68fb9a819) Importer(815301076,1909f56bfc062723c751e8b465ee728b)  -> (artifact id: 'd72b55b79f38f1b5c19bfed22589395c') in 0.093750 seconds
  Import took 0.097212 seconds .

========================================================================
Received Import Request.
  Time since last request: 45.837067 seconds.
  path: Assets/Art/buttons.png
  artifactKey: Guid(27a354b34198c1248915b5d68fb9a819) Importer(815301076,1909f56bfc062723c751e8b465ee728b)
Start importing Assets/Art/buttons.png using Guid(27a354b34198c1248915b5d68fb9a819) Importer(815301076,1909f56bfc062723c751e8b465ee728b)  -> (artifact id: '2686ff0e6dccf834b0f5d07e58e54635') in 0.014619 seconds
  Import took 0.018293 seconds .

========================================================================
Received Import Request.
  Time since last request: 21.772446 seconds.
  path: Assets/Art/buttons.png
  artifactKey: Guid(27a354b34198c1248915b5d68fb9a819) Importer(815301076,1909f56bfc062723c751e8b465ee728b)
Start importing Assets/Art/buttons.png using Guid(27a354b34198c1248915b5d68fb9a819) Importer(815301076,1909f56bfc062723c751e8b465ee728b)  -> (artifact id: '301ccfcae1426a3c43af2bc34b29b2c3') in 0.013338 seconds
  Import took 0.016370 seconds .

========================================================================
Received Import Request.
  Time since last request: 21.706826 seconds.
  path: Assets/Art/buttons.png
  artifactKey: Guid(27a354b34198c1248915b5d68fb9a819) Importer(815301076,1909f56bfc062723c751e8b465ee728b)
Start importing Assets/Art/buttons.png using Guid(27a354b34198c1248915b5d68fb9a819) Importer(815301076,1909f56bfc062723c751e8b465ee728b)  -> (artifact id: 'f7b92f21e6c12fbf32451f0afb0a644c') in 0.022583 seconds
  Import took 0.025990 seconds .

========================================================================
Received Import Request.
  Time since last request: 79.586478 seconds.
  path: Assets/Art/buttons.png
  artifactKey: Guid(27a354b34198c1248915b5d68fb9a819) Importer(815301076,1909f56bfc062723c751e8b465ee728b)
Start importing Assets/Art/buttons.png using Guid(27a354b34198c1248915b5d68fb9a819) Importer(815301076,1909f56bfc062723c751e8b465ee728b)  -> (artifact id: 'd1131e3d204de52a0f42558f31486015') in 0.020384 seconds
  Import took 0.024467 seconds .

========================================================================
Received Import Request.
  Time since last request: 15.514960 seconds.
  path: Assets/Art/buttons.png
  artifactKey: Guid(27a354b34198c1248915b5d68fb9a819) Importer(815301076,1909f56bfc062723c751e8b465ee728b)
Start importing Assets/Art/buttons.png using Guid(27a354b34198c1248915b5d68fb9a819) Importer(815301076,1909f56bfc062723c751e8b465ee728b)  -> (artifact id: '5f1f3feef2304d2610d9040581dbd598') in 0.016069 seconds
  Import took 0.019036 seconds .

========================================================================
Received Prepare
Registering precompiled user dll's ...
Registered in 0.000968 seconds.
Begin MonoManager ReloadAssembly
Native extension for WindowsStandalone target not found
Native extension for WebGL target not found
Refreshing native plugins compatible for Editor in 0.35 ms, found 1 plugins.
Preloading 0 native plugins for Editor in 0.00 ms.
Mono: successfully reloaded assembly
- Completed reload, in  0.966 seconds
Platform modules already initialized, skipping
Refreshing native plugins compatible for Editor in 0.35 ms, found 1 plugins.
Preloading 0 native plugins for Editor in 0.00 ms.
Unloading 1826 Unused Serialized files (Serialized files now loaded: 0)
System memory in use before: 89.5 MB.
System memory in use after: 89.5 MB.

Unloading 12 unused Assets to reduce memory usage. Loaded Objects now: 2303.
Total: 2.063700 ms (FindLiveObjects: 0.244000 ms CreateObjectMapping: 0.048400 ms MarkObjects: 1.658500 ms  DeleteObjects: 0.111600 ms)

========================================================================
Received Prepare
Registering precompiled user dll's ...
Registered in 0.000946 seconds.
Begin MonoManager ReloadAssembly
Native extension for WindowsStandalone target not found
Native extension for WebGL target not found
Refreshing native plugins compatible for Editor in 0.47 ms, found 1 plugins.
Preloading 0 native plugins for Editor in 0.00 ms.
Mono: successfully reloaded assembly
- Completed reload, in  0.947 seconds
Platform modules already initialized, skipping
Refreshing native plugins compatible for Editor in 0.35 ms, found 1 plugins.
Preloading 0 native plugins for Editor in 0.00 ms.
Unloading 1826 Unused Serialized files (Serialized files now loaded: 0)
System memory in use before: 89.5 MB.
System memory in use after: 89.5 MB.

Unloading 12 unused Assets to reduce memory usage. Loaded Objects now: 2307.
Total: 1.986200 ms (FindLiveObjects: 0.189900 ms CreateObjectMapping: 0.044000 ms MarkObjects: 1.633900 ms  DeleteObjects: 0.117000 ms)

========================================================================
Received Prepare
Registering precompiled user dll's ...
Registered in 0.000793 seconds.
Begin MonoManager ReloadAssembly
Native extension for WindowsStandalone target not found
Native extension for WebGL target not found
Refreshing native plugins compatible for Editor in 0.37 ms, found 1 plugins.
Preloading 0 native plugins for Editor in 0.00 ms.
Mono: successfully reloaded assembly
- Completed reload, in  0.957 seconds
Platform modules already initialized, skipping
Refreshing native plugins compatible for Editor in 0.36 ms, found 1 plugins.
Preloading 0 native plugins for Editor in 0.00 ms.
Unloading 1826 Unused Serialized files (Serialized files now loaded: 0)
System memory in use before: 89.6 MB.
System memory in use after: 89.5 MB.

Unloading 12 unused Assets to reduce memory usage. Loaded Objects now: 2311.
Total: 1.967100 ms (FindLiveObjects: 0.181000 ms CreateObjectMapping: 0.046000 ms MarkObjects: 1.622300 ms  DeleteObjects: 0.116100 ms)

========================================================================
Received Prepare
Registering precompiled user dll's ...
Registered in 0.000791 seconds.
Begin MonoManager ReloadAssembly
Native extension for WindowsStandalone target not found
Native extension for WebGL target not found
Refreshing native plugins compatible for Editor in 0.46 ms, found 1 plugins.
Preloading 0 native plugins for Editor in 0.00 ms.
Mono: successfully reloaded assembly
- Completed reload, in  0.965 seconds
Platform modules already initialized, skipping
Refreshing native plugins compatible for Editor in 0.35 ms, found 1 plugins.
Preloading 0 native plugins for Editor in 0.00 ms.
Unloading 1826 Unused Serialized files (Serialized files now loaded: 0)
System memory in use before: 89.6 MB.
System memory in use after: 89.5 MB.

Unloading 12 unused Assets to reduce memory usage. Loaded Objects now: 2315.
Total: 2.306200 ms (FindLiveObjects: 0.325200 ms CreateObjectMapping: 0.090700 ms MarkObjects: 1.762500 ms  DeleteObjects: 0.126600 ms)

========================================================================
Received Import Request.
  Time since last request: 670.142422 seconds.
  path: Assets/Art/nature-paltformer-tileset-16x16.png
  artifactKey: Guid(5792d2efed8ce57408b81c5bc1e6c761) Importer(815301076,1909f56bfc062723c751e8b465ee728b)
Start importing Assets/Art/nature-paltformer-tileset-16x16.png using Guid(5792d2efed8ce57408b81c5bc1e6c761) Importer(815301076,1909f56bfc062723c751e8b465ee728b)  -> (artifact id: '4f52e41192ecca2fb508baa1d3e065ba') in 0.071571 seconds
  Import took 0.075892 seconds .

========================================================================
Received Import Request.
  Time since last request: 22.705490 seconds.
  path: Packages/com.unity.2d.spriteshape/Editor/ObjectMenuCreation/DefaultAssets/Textures/Sprite Shape Fill.png
  artifactKey: Guid(b281b91a70a624a0da1c43adc1c30c7b) Importer(815301076,1909f56bfc062723c751e8b465ee728b)
Start importing Packages/com.unity.2d.spriteshape/Editor/ObjectMenuCreation/DefaultAssets/Textures/Sprite Shape Fill.png using Guid(b281b91a70a624a0da1c43adc1c30c7b) Importer(815301076,1909f56bfc062723c751e8b465ee728b)  -> (artifact id: '2940e34fd91509bff649b4e58e40e6fe') in 0.042450 seconds
  Import took 0.045405 seconds .

========================================================================
Received Import Request.
  Time since last request: 0.001816 seconds.
  path: Packages/com.unity.2d.spriteshape/Editor/ObjectMenuCreation/DefaultAssets/Textures/Sprite Shape Fill.png
  artifactKey: Guid(b281b91a70a624a0da1c43adc1c30c7b) Importer(815301076,1909f56bfc062723c751e8b465ee728b)
Start importing Packages/com.unity.2d.spriteshape/Editor/ObjectMenuCreation/DefaultAssets/Textures/Sprite Shape Fill.png using Guid(b281b91a70a624a0da1c43adc1c30c7b) Importer(815301076,1909f56bfc062723c751e8b465ee728b)  -> (artifact id: '2940e34fd91509bff649b4e58e40e6fe') in 0.009398 seconds
  Import took 0.012693 seconds .

========================================================================
Received Prepare
Registering precompiled user dll's ...
Registered in 0.000816 seconds.
Begin MonoManager ReloadAssembly
Native extension for WindowsStandalone target not found
Native extension for WebGL target not found
Refreshing native plugins compatible for Editor in 0.38 ms, found 1 plugins.
Preloading 0 native plugins for Editor in 0.00 ms.
Mono: successfully reloaded assembly
- Completed reload, in  0.966 seconds
Platform modules already initialized, skipping
Refreshing native plugins compatible for Editor in 0.35 ms, found 1 plugins.
Preloading 0 native plugins for Editor in 0.00 ms.
Unloading 1826 Unused Serialized files (Serialized files now loaded: 0)
System memory in use before: 89.6 MB.
System memory in use after: 89.6 MB.

Unloading 12 unused Assets to reduce memory usage. Loaded Objects now: 2325.
Total: 2.163200 ms (FindLiveObjects: 0.189000 ms CreateObjectMapping: 0.045100 ms MarkObjects: 1.810400 ms  DeleteObjects: 0.117600 ms)

========================================================================
Received Import Request.
  Time since last request: 929.634808 seconds.
  path: Assets/Scripts/Movement/PlatformerPlayerMoventWithAnimations.cs
  artifactKey: Guid(aaef20eb0820db94c8eaf7751b6aedc8) Importer(815301076,1909f56bfc062723c751e8b465ee728b)
Start importing Assets/Scripts/Movement/PlatformerPlayerMoventWithAnimations.cs using Guid(aaef20eb0820db94c8eaf7751b6aedc8) Importer(815301076,1909f56bfc062723c751e8b465ee728b)  -> (artifact id: '2b52dbef24b9d9f6e9d532d0286c2108') in 0.014242 seconds
  Import took 0.017309 seconds .

========================================================================
Received Prepare
Registering precompiled user dll's ...
Registered in 0.000784 seconds.
Begin MonoManager ReloadAssembly
Native extension for WindowsStandalone target not found
Native extension for WebGL target not found
Refreshing native plugins compatible for Editor in 0.36 ms, found 1 plugins.
Preloading 0 native plugins for Editor in 0.00 ms.
Mono: successfully reloaded assembly
- Completed reload, in  0.949 seconds
Platform modules already initialized, skipping
Refreshing native plugins compatible for Editor in 0.36 ms, found 1 plugins.
Preloading 0 native plugins for Editor in 0.00 ms.
Unloading 1826 Unused Serialized files (Serialized files now loaded: 0)
System memory in use before: 89.6 MB.
System memory in use after: 89.6 MB.

Unloading 12 unused Assets to reduce memory usage. Loaded Objects now: 2329.
Total: 3.070400 ms (FindLiveObjects: 0.214900 ms CreateObjectMapping: 0.059600 ms MarkObjects: 2.648300 ms  DeleteObjects: 0.146400 ms)

========================================================================
Received Import Request.
  Time since last request: 24.839326 seconds.
  path: Assets/Scripts/Animator Overrider/SpriteManager.cs
  artifactKey: Guid(f1bf246b0adc9934f8477e0c9b26bc8b) Importer(815301076,1909f56bfc062723c751e8b465ee728b)
Start importing Assets/Scripts/Animator Overrider/SpriteManager.cs using Guid(f1bf246b0adc9934f8477e0c9b26bc8b) Importer(815301076,1909f56bfc062723c751e8b465ee728b)  -> (artifact id: '0ab5d8869adbc905034623e036367061') in 0.004903 seconds
  Import took 0.007875 seconds .

========================================================================
Received Import Request.
  Time since last request: 0.002411 seconds.
  path: Assets/Scripts/Animator Overrider/SpriteManager.cs
  artifactKey: Guid(f1bf246b0adc9934f8477e0c9b26bc8b) Importer(815301076,1909f56bfc062723c751e8b465ee728b)
Start importing Assets/Scripts/Animator Overrider/SpriteManager.cs using Guid(f1bf246b0adc9934f8477e0c9b26bc8b) Importer(815301076,1909f56bfc062723c751e8b465ee728b)  -> (artifact id: '0ab5d8869adbc905034623e036367061') in 0.001977 seconds
  Import took 0.004822 seconds .

========================================================================
Received Import Request.
  Time since last request: 15.872510 seconds.
  path: Assets/Scripts/Animator Overrider/OverrideAnimations.cs
  artifactKey: Guid(f1bf246b0adc9934f8477e0c9b26bc8b) Importer(815301076,1909f56bfc062723c751e8b465ee728b)
Start importing Assets/Scripts/Animator Overrider/OverrideAnimations.cs using Guid(f1bf246b0adc9934f8477e0c9b26bc8b) Importer(815301076,1909f56bfc062723c751e8b465ee728b)  -> (artifact id: '1baf55bb8ec772b35ced183fc92bfdc6') in 0.007831 seconds
  Import took 0.011820 seconds .

========================================================================
Received Prepare
Registering precompiled user dll's ...
Registered in 0.000808 seconds.
Begin MonoManager ReloadAssembly
Native extension for WindowsStandalone target not found
Native extension for WebGL target not found
Refreshing native plugins compatible for Editor in 0.36 ms, found 1 plugins.
Preloading 0 native plugins for Editor in 0.00 ms.
Mono: successfully reloaded assembly
- Completed reload, in  1.068 seconds
Platform modules already initialized, skipping
Refreshing native plugins compatible for Editor in 0.37 ms, found 1 plugins.
Preloading 0 native plugins for Editor in 0.00 ms.
Unloading 1826 Unused Serialized files (Serialized files now loaded: 0)
System memory in use before: 89.6 MB.
System memory in use after: 89.6 MB.

Unloading 12 unused Assets to reduce memory usage. Loaded Objects now: 2333.
Total: 2.483700 ms (FindLiveObjects: 0.213200 ms CreateObjectMapping: 0.045300 ms MarkObjects: 2.089700 ms  DeleteObjects: 0.134100 ms)

========================================================================
Received Prepare
Registering precompiled user dll's ...
Registered in 0.000790 seconds.
Begin MonoManager ReloadAssembly
Native extension for WindowsStandalone target not found
Native extension for WebGL target not found
Refreshing native plugins compatible for Editor in 0.37 ms, found 1 plugins.
Preloading 0 native plugins for Editor in 0.00 ms.
Mono: successfully reloaded assembly
- Completed reload, in  0.973 seconds
Platform modules already initialized, skipping
Refreshing native plugins compatible for Editor in 0.35 ms, found 1 plugins.
Preloading 0 native plugins for Editor in 0.00 ms.
Unloading 1826 Unused Serialized files (Serialized files now loaded: 0)
System memory in use before: 89.6 MB.
System memory in use after: 89.6 MB.

Unloading 12 unused Assets to reduce memory usage. Loaded Objects now: 2337.
Total: 2.323900 ms (FindLiveObjects: 0.320200 ms CreateObjectMapping: 0.095900 ms MarkObjects: 1.783000 ms  DeleteObjects: 0.123300 ms)

========================================================================
Received Import Request.
  Time since last request: 15.816846 seconds.
  path: Assets/Scripts/Animator Overrider/OverrideAnimations.cs
  artifactKey: Guid(f1bf246b0adc9934f8477e0c9b26bc8b) Importer(815301076,1909f56bfc062723c751e8b465ee728b)
Start importing Assets/Scripts/Animator Overrider/OverrideAnimations.cs using Guid(f1bf246b0adc9934f8477e0c9b26bc8b) Importer(815301076,1909f56bfc062723c751e8b465ee728b)  -> (artifact id: 'd85e3c2592a0345c7b68889e6513a14c') in 0.005950 seconds
  Import took 0.008925 seconds .

========================================================================
Received Import Request.
  Time since last request: 24.902747 seconds.
  path: Assets/Prefabs/Player Movement/PlayerPlatformerPrefab.prefab
  artifactKey: Guid(0054128366413884795097cbb54f8e93) Importer(815301076,1909f56bfc062723c751e8b465ee728b)
Start importing Assets/Prefabs/Player Movement/PlayerPlatformerPrefab.prefab using Guid(0054128366413884795097cbb54f8e93) Importer(815301076,1909f56bfc062723c751e8b465ee728b)  -> (artifact id: '4c8f43465f82e6b2c7bdeef67d21fdec') in 0.130549 seconds
  Import took 0.133543 seconds .

========================================================================
Received Import Request.
  Time since last request: 13.410524 seconds.
  path: Assets/Prefabs/Player Movement/Animated Player.prefab
  artifactKey: Guid(adb7e50b70758ef48a9e7f64aaeaf0c9) Importer(815301076,1909f56bfc062723c751e8b465ee728b)
Start importing Assets/Prefabs/Player Movement/Animated Player.prefab using Guid(adb7e50b70758ef48a9e7f64aaeaf0c9) Importer(815301076,1909f56bfc062723c751e8b465ee728b)  -> (artifact id: 'c54a282f9e89a64162e5aacb2a399c3b') in 0.018159 seconds
  Import took 0.023000 seconds .

========================================================================
Received Import Request.
  Time since last request: 18.165064 seconds.
  path: Assets/Prefabs/Animation Changer
  artifactKey: Guid(c7405c17650b93a498b2e8105e1364fa) Importer(815301076,1909f56bfc062723c751e8b465ee728b)
Start importing Assets/Prefabs/Animation Changer using Guid(c7405c17650b93a498b2e8105e1364fa) Importer(815301076,1909f56bfc062723c751e8b465ee728b)  -> (artifact id: '71da1b59e3648feec1b7f40096038965') in 0.009215 seconds
  Import took 0.012106 seconds .

========================================================================
Received Import Request.
  Time since last request: 3.487447 seconds.
  path: Assets/Prefabs/Animation Changer/Animation Changer.prefab
  artifactKey: Guid(fcf2e998323aa914ea53ed05c14d89a8) Importer(815301076,1909f56bfc062723c751e8b465ee728b)
Start importing Assets/Prefabs/Animation Changer/Animation Changer.prefab using Guid(fcf2e998323aa914ea53ed05c14d89a8) Importer(815301076,1909f56bfc062723c751e8b465ee728b)  -> (artifact id: 'f8625054d749a9abeb0426ad044e97db') in 0.006427 seconds
  Import took 0.009560 seconds .

========================================================================
Received Import Request.
  Time since last request: 6.137518 seconds.
  path: Assets/Prefabs/Animation Changer/Buttons.prefab
  artifactKey: Guid(bee5cd902fe806d449d0f8fa3fe8db6d) Importer(815301076,1909f56bfc062723c751e8b465ee728b)
Start importing Assets/Prefabs/Animation Changer/Buttons.prefab using Guid(bee5cd902fe806d449d0f8fa3fe8db6d) Importer(815301076,1909f56bfc062723c751e8b465ee728b)  -> (artifact id: '2cd3f10f5dba0bbd487fdff6bce5a41c') in 0.024289 seconds
  Import took 0.027416 seconds .

========================================================================
Received Import Request.
  Time since last request: 0.003986 seconds.
  path: Assets/Prefabs/Animation Changer/Buttons.prefab
  artifactKey: Guid(bee5cd902fe806d449d0f8fa3fe8db6d) Importer(815301076,1909f56bfc062723c751e8b465ee728b)
Start importing Assets/Prefabs/Animation Changer/Buttons.prefab using Guid(bee5cd902fe806d449d0f8fa3fe8db6d) Importer(815301076,1909f56bfc062723c751e8b465ee728b)  -> (artifact id: '2cd3f10f5dba0bbd487fdff6bce5a41c') in 0.004560 seconds
  Import took 0.007723 seconds .

========================================================================
Received Import Request.
  Time since last request: 24.684766 seconds.
  path: Assets/Prefabs/Animation Changer/Buttons.prefab
  artifactKey: Guid(bee5cd902fe806d449d0f8fa3fe8db6d) Importer(815301076,1909f56bfc062723c751e8b465ee728b)
Start importing Assets/Prefabs/Animation Changer/Buttons.prefab using Guid(bee5cd902fe806d449d0f8fa3fe8db6d) Importer(815301076,1909f56bfc062723c751e8b465ee728b)  -> (artifact id: '50498f4572712a7c9f85930ec5e9c0f5') in 0.007194 seconds
  Import took 0.011693 seconds .

========================================================================
Received Import Request.
  Time since last request: 32.442013 seconds.
  path: Assets/Prefabs/Animation Changer/Animation Changer.prefab
  artifactKey: Guid(fcf2e998323aa914ea53ed05c14d89a8) Importer(815301076,1909f56bfc062723c751e8b465ee728b)
Start importing Assets/Prefabs/Animation Changer/Animation Changer.prefab using Guid(fcf2e998323aa914ea53ed05c14d89a8) Importer(815301076,1909f56bfc062723c751e8b465ee728b)  -> (artifact id: 'e062c71d58be74bba5e2fd0a52544052') in 0.007897 seconds
  Import took 0.011073 seconds .

========================================================================
Received Import Request.
  Time since last request: 42.914461 seconds.
  path: Assets/Prefabs/Animation Changer/Animation Changer.prefab
  artifactKey: Guid(fcf2e998323aa914ea53ed05c14d89a8) Importer(815301076,1909f56bfc062723c751e8b465ee728b)
Start importing Assets/Prefabs/Animation Changer/Animation Changer.prefab using Guid(fcf2e998323aa914ea53ed05c14d89a8) Importer(815301076,1909f56bfc062723c751e8b465ee728b)  -> (artifact id: '52b22190be21d12f73aa960f4f8d4046') in 0.007414 seconds
  Import took 0.010665 seconds .

========================================================================
Received Import Request.
  Time since last request: 15.662331 seconds.
  path: Assets/Prefabs/Animation Changer/Animation Changer.prefab
  artifactKey: Guid(fcf2e998323aa914ea53ed05c14d89a8) Importer(815301076,1909f56bfc062723c751e8b465ee728b)
Start importing Assets/Prefabs/Animation Changer/Animation Changer.prefab using Guid(fcf2e998323aa914ea53ed05c14d89a8) Importer(815301076,1909f56bfc062723c751e8b465ee728b)  -> (artifact id: '3590eaaa8975518f21de53aab4b187e6') in 0.006963 seconds
  Import took 0.010311 seconds .

========================================================================
Received Import Request.
  Time since last request: 6.775724 seconds.
  path: Assets/Prefabs/Animation Changer/Animation Changer.prefab
  artifactKey: Guid(fcf2e998323aa914ea53ed05c14d89a8) Importer(815301076,1909f56bfc062723c751e8b465ee728b)
Start importing Assets/Prefabs/Animation Changer/Animation Changer.prefab using Guid(fcf2e998323aa914ea53ed05c14d89a8) Importer(815301076,1909f56bfc062723c751e8b465ee728b)  -> (artifact id: '6ab1a6c59dd3a5592db4ee11507780ed') in 0.007119 seconds
  Import took 0.010343 seconds .

========================================================================
Received Import Request.
  Time since last request: 4.932290 seconds.
  path: Assets/Prefabs/Animation Changer/Animation Changer.prefab
  artifactKey: Guid(fcf2e998323aa914ea53ed05c14d89a8) Importer(815301076,1909f56bfc062723c751e8b465ee728b)
Start importing Assets/Prefabs/Animation Changer/Animation Changer.prefab using Guid(fcf2e998323aa914ea53ed05c14d89a8) Importer(815301076,1909f56bfc062723c751e8b465ee728b)  -> (artifact id: '8f3b5d15b039902c7266e92a1f5376cd') in 0.006949 seconds
  Import took 0.011165 seconds .

========================================================================
Received Import Request.
  Time since last request: 4.232244 seconds.
  path: Assets/Prefabs/Animation Changer/Animation Changer.prefab
  artifactKey: Guid(fcf2e998323aa914ea53ed05c14d89a8) Importer(815301076,1909f56bfc062723c751e8b465ee728b)
Start importing Assets/Prefabs/Animation Changer/Animation Changer.prefab using Guid(fcf2e998323aa914ea53ed05c14d89a8) Importer(815301076,1909f56bfc062723c751e8b465ee728b)  -> (artifact id: '992ec6d4e5077573dc684819ffc02650') in 0.007625 seconds
  Import took 0.011188 seconds .

========================================================================
Received Import Request.
  Time since last request: 2.826949 seconds.
  path: Assets/Prefabs/Animation Changer/Animation Changer.prefab
  artifactKey: Guid(fcf2e998323aa914ea53ed05c14d89a8) Importer(815301076,1909f56bfc062723c751e8b465ee728b)
Start importing Assets/Prefabs/Animation Changer/Animation Changer.prefab using Guid(fcf2e998323aa914ea53ed05c14d89a8) Importer(815301076,1909f56bfc062723c751e8b465ee728b)  -> (artifact id: '1bb77d4920ed7af2ee4c5f73e250fe0f') in 0.006858 seconds
  Import took 0.010141 seconds .

========================================================================
Received Prepare
Registering precompiled user dll's ...
Registered in 0.000817 seconds.
Begin MonoManager ReloadAssembly
Native extension for WindowsStandalone target not found
Native extension for WebGL target not found
Refreshing native plugins compatible for Editor in 0.36 ms, found 1 plugins.
Preloading 0 native plugins for Editor in 0.00 ms.
Mono: successfully reloaded assembly
- Completed reload, in  0.975 seconds
Platform modules already initialized, skipping
Refreshing native plugins compatible for Editor in 0.36 ms, found 1 plugins.
Preloading 0 native plugins for Editor in 0.00 ms.
Unloading 1826 Unused Serialized files (Serialized files now loaded: 0)
System memory in use before: 89.7 MB.
System memory in use after: 89.7 MB.

Unloading 12 unused Assets to reduce memory usage. Loaded Objects now: 2345.
Total: 2.099200 ms (FindLiveObjects: 0.216400 ms CreateObjectMapping: 0.047600 ms MarkObjects: 1.717000 ms  DeleteObjects: 0.117000 ms)

